<?xml version="1.0" encoding="UTF-8"?>
<testsuite xmlns:xsi="http://www.w3.org/2001/XMLSchema-instance" xsi:noNamespaceSchemaLocation="https://maven.apache.org/surefire/maven-surefire-plugin/xsd/surefire-test-report.xsd" name="Tests.UserTest" time="13.486" tests="5" errors="0" skipped="0" failures="1">
  <properties>
[...]
</properties>
  <testcase name="getUserByNameNotFound" classname="Tests.UserTest" time="4.207"/>
  <testcase name="updatedUser" classname="Tests.UserTest" time="3.188"/>
  <testcase name="createUsers" classname="Tests.UserTest" time="1.72"/>
  <testcase name="getUserByName" classname="Tests.UserTest" time="1.691"/>
  <testcase name="deleteUser" classname="Tests.UserTest" time="2.609">
    <failure message="1 expectation failed.&#10;Expected status code &lt;404&gt; but was &lt;200&gt;.&#10;" type="java.lang.AssertionError"><![CDATA[java.lang.AssertionError: 
1 expectation failed.
Expected status code <404> but was <200>.

	at Tests.UserTest.deleteUser(UserTest.java:124)
]]></failure>
  </testcase>
</testsuite>